============================================================
Time  2015/11/14 12:57:47 475 
============================================================
[2015/11/14 12:57:47 475] isr        1544 isr loaded!  
[2015/11/14 12:57:47 475] isr        1636 SYS_MSG_REGCB param0 =   msp_status_cb  param1 =  func(f001e1d0) 
[2015/11/14 12:57:47 475] isr        1562 ISR_MSG_SSB  
[2015/11/14 12:57:47 475] isr        1090 ISRSessionBegin() [in], params:   engine_type = local, 		asr_res_path = fo|res/asr/common.jet, sample_rate = 16000, 		grm_build_path = res/asr/GrmBuilld, local_grammar = call, 		result_type = xml, result_encoding = utf-8,   
[2015/11/14 12:57:47 475] isr        1101 key:  engine_type  ,value:  local  
[2015/11/14 12:57:47 475] isr        1101 key:  asr_res_path  ,value:  fo|res/asr/common.jet  
[2015/11/14 12:57:47 475] isr        1101 key:  sample_rate  ,value:  16000  
[2015/11/14 12:57:47 475] isr        1101 key:  grm_build_path  ,value:  res/asr/GrmBuilld  
[2015/11/14 12:57:47 475] isr        1101 key:  local_grammar  ,value:  call  
[2015/11/14 12:57:47 475] isr        1101 key:  result_type  ,value:  xml  
[2015/11/14 12:57:47 475] isr        1101 key:  result_encoding  ,value:  utf-8  
[2015/11/14 12:57:47 475] isr        1150 cloud params:  asr_res_path=fo|res/asr/common.jet,auf=audio/L16;rate=16000,grm_build_path=res/asr/GrmBuilld,rst=xml,rse=utf-8  
[2015/11/14 12:57:47 475] isr        1151 compatible params:  engine_type=local,asr_res_path=fo|res/asr/common.jet,sample_rate=16000,grm_build_path=res/asr/GrmBuilld,local_grammar=call,result_type=xml,result_encoding=utf-8  
[2015/11/14 12:57:47 475] isr        1157 use cloud_grammar in params!  nil  
[2015/11/14 12:57:47 475] isr        1167 engine_type_setting:  local  
[2015/11/14 12:57:47 475] isr        1050 judgeMixedTimeout mixed_timeout:  2000  
[2015/11/14 12:57:47 475] isr        1000 paramVADAnalysis [in]  
[2015/11/14 12:57:47 475] isr        986  vadOnAue| aue:   nil  
[2015/11/14 12:57:47 476] isr        1020 vad_enable :  true  
[2015/11/14 12:57:47 476] isr        1035 vad_timeout :  10000  
[2015/11/14 12:57:47 476] isr        1036 vad_speech_tail :  2000  
[2015/11/14 12:57:47 476] isr        845  EnableVAD [in]  
[2015/11/14 12:57:47 476] isr        869  vad enabled!  2000  10000  
[2015/11/14 12:57:47 476] isr        872  EnableVAD [out]  
[2015/11/14 12:57:47 476] isr        1043 paramVADAnalysis [out] | ret =  0  
[2015/11/14 12:57:47 476] isr        1235 cur_engine_type =   local  
[2015/11/14 12:57:47 477] isr        620  esrMessageCallBack  ,msg=  430  param1=  nil  
[2015/11/14 12:57:47 477] isr        657  ssb msg processed!  
[2015/11/14 12:57:47 477] isr        1570 ISR_MSG_AUW, engine_type =   local  
[2015/11/14 12:57:47 478] isr        1580 6400  1  
[2015/11/14 12:57:47 478] isr        1584 once_bytes:   6400  
[2015/11/14 12:57:47 480] isr        804  [aud] speech start  
[2015/11/14 12:57:47 481] isr        620  esrMessageCallBack  ,msg=  501  param1=  3  
[2015/11/14 12:57:47 492] isr        1570 ISR_MSG_AUW, engine_type =   local  
[2015/11/14 12:57:47 492] isr        1580 9600  2  
[2015/11/14 12:57:47 494] isr        1293 lua audiowrite:  6400  
[2015/11/14 12:57:47 494] isr        892  writelocalAudioFile  
[2015/11/14 12:57:47 494] isr        1293 lua audiowrite:  6400  
[2015/11/14 12:57:47 494] isr        892  writelocalAudioFile  
[2015/11/14 12:57:47 495] isr        620  esrMessageCallBack  ,msg=  501  param1=  1  
[2015/11/14 12:57:47 508] isr        1570 ISR_MSG_AUW, engine_type =   local  
[2015/11/14 12:57:47 508] isr        1580 0  4  
[2015/11/14 12:57:47 508] isr        1628 ISR_MSG_GRSLT, engine_type =   local  
[2015/11/14 12:57:47 508] isr        1364 0  nil  2  
[2015/11/14 12:57:47 510] isr        811  [aud] speech end  
[2015/11/14 12:57:47 510] isr        1293 lua audiowrite:  2560  
[2015/11/14 12:57:47 510] isr        892  writelocalAudioFile  
[2015/11/14 12:57:47 511] isr        620  esrMessageCallBack  ,msg=  501  param1=  2  
[2015/11/14 12:57:47 511] isr        620  esrMessageCallBack  ,msg=  406  param1=  nil  
[2015/11/14 12:57:47 525] isr        620  esrMessageCallBack  ,msg=  nil  param1=  nil  
[2015/11/14 12:57:47 525] isr        620  esrMessageCallBack  ,msg=  nil  param1=  nil  
[2015/11/14 12:57:47 526] isr        620  esrMessageCallBack  ,msg=  407  param1=  nil  
[2015/11/14 12:57:47 526] isr        428  processResult call:  local  nil  0  2  
[2015/11/14 12:57:47 526] isr        620  esrMessageCallBack  ,msg=  408  param1=  nil  
[2015/11/14 12:57:47 526] isr        648  local session recognized end!  
[2015/11/14 12:57:47 659] isr        1628 ISR_MSG_GRSLT, engine_type =   local  
[2015/11/14 12:57:47 659] isr        1364 0  nil  5  
[2015/11/14 12:57:47 810] isr        1632 ISR_MSG_SSE, engine_type =   local  
[2015/11/14 12:57:47 810] isr        1428 ISRSessionEnd() [in]  
[2015/11/14 12:57:47 810] isr        1443 endLocalSession() [in]  
[2015/11/14 12:57:47 810] isr        259  local_plog_process  
[2015/11/14 12:57:47 810] isr        211  collect_plog_data  
[2015/11/14 12:57:47 811] isr        1553 isr unload!  
[2015/11/14 12:57:47 811] isr        907  open audio file close  
