============================================================
Time  2015/11/14 01:12:55 597 
============================================================
[2015/11/14 01:12:55 597] isr_local  2027 os_type is:  Linux  
[2015/11/14 01:12:55 597] isr_local  2036 Aitalk LOAD!  
[2015/11/14 01:12:55 597] isr_local  2064 SYS_MSG_REGCB| param0 =  msp_status_cb  
[2015/11/14 01:12:55 597] isr_local  2130 last gc at  1447492371  
[2015/11/14 01:12:55 597] isr_local  2064 SYS_MSG_REGCB| param0 =  update_lex_cb  
[2015/11/14 01:12:55 597] isr_local  2130 last gc at  1447492371  
[2015/11/14 01:12:55 598] isr_local  2095 ASR_MSG_UPDATE_LEX  contact  16  UTF-8  engine_type = local, text_encoding = utf-8, 		asr_res_path = fo|res/asr/common.jet, sample_rate = 16000, 		grm_build_path = res/asr/GrmBuilld, grammar_list = call,   
[2015/11/14 01:12:55 598] isr_local  1812 grmInit() [in]   
[2015/11/14 01:12:55 598] isr_local  751  text_encoding =   UTF-8  
[2015/11/14 01:12:55 598] isr_local  1821 sample_rate:  16000  
[2015/11/14 01:12:55 598] isr_local  1841 grmInit | params parse success  
[2015/11/14 01:12:55 598] isr_local  1780 createGrmObject() [in]  
[2015/11/14 01:12:55 598] isr_local  954  paramResPathAnalysis() [in], param_str :  fo|res/asr/common.jet  
[2015/11/14 01:12:55 598] isr_local  978  file count =   1  
[2015/11/14 01:12:55 598] isr_local  870  resPathSubStrAnalysis() [in], sub_str:  fo|res/asr/common.jet  
[2015/11/14 01:12:55 598] isr_local  897  file open type is:   fo  
[2015/11/14 01:12:55 598] isr_local  931  res/asr/common.jet  0  0  
[2015/11/14 01:12:55 598] isr_local  1000 speech_plus_setting  0  
[2015/11/14 01:12:55 598] isr_local  1013 2  nil  res/asr/common.jet  0  0  
[2015/11/14 01:12:55 598] isr_local  1015 res_ver  2  
[2015/11/14 01:12:55 598] isr_local  1016 res 5  a8affc99ebe5677591ae7ea9f0b97a08  
[2015/11/14 01:12:55 598] isr_local  1017 res_new_old_mark  v5pp  
[2015/11/14 01:12:55 598] isr_local  1018 res_usr_name    
[2015/11/14 01:12:55 598] isr_local  1019 res_expires  1450372648  
[2015/11/14 01:12:55 598] isr_local  1020 err  0  
[2015/11/14 01:12:55 598] isr_local  1037 lgi appid 5  a8affc99ebe5677591ae7ea9f0b97a08  
[2015/11/14 01:12:55 598] isr_local  1053 now expires:  1447492375  1450372648  
[2015/11/14 01:12:55 598] isr_local  933  ret, res_head_offset  0  256  
[2015/11/14 01:12:55 598] isr_local  947  resPathSubStrAnalysis() [out], ret :  0  
[2015/11/14 01:12:55 598] isr_local  987  paramResPathAnalysis() [out], ret :  0  
[2015/11/14 01:12:55 599] isr_local  1807 createGrmObject() [out]  
[2015/11/14 01:12:55 599] isr_local  1855 grmInit() [out]   
[2015/11/14 01:12:55 599] isr_local  2105 update dict  
[2015/11/14 01:12:55 599] isr_local  1645 updateDict() [in]  
[2015/11/14 01:12:55 599] isr_local  1657 contact  call  
[2015/11/14 01:12:55 599] isr_local  1691 contact  
[2015/11/14 01:12:55 599] isr_local  1578 dictNameItem:   contact  
[2015/11/14 01:12:55 599] isr_local  1613 dectInsertItem: ret =   0  
[2015/11/14 01:12:55 599] isr_local  1632 dectInsertItem: ret =   0  
[2015/11/14 01:12:55 599] isr_local  1712 grmList grm name:   call   grm build ret =  0  
[2015/11/14 01:12:55 599] isr_local  1717 updateDict() [out]  
[2015/11/14 01:12:55 599] isr_local  2114 grammarList grm count =   1  
[2015/11/14 01:12:55 599] isr_local  1545 processRetCodeGrm | errorcode =  0  
[2015/11/14 01:12:55 602] isr_local  1915 luac_grm_cbmsg_handler msg=  1542  errorCode=  0  
[2015/11/14 01:12:55 602] isr_local  1917 grmMessageHandler grammarId=call  
[2015/11/14 01:12:55 602] isr_local  1925 param2=  0  param3=  call  
[2015/11/14 01:12:55 602] isr_local  1537 onGrmLocalServiceCb  0  call  
