============================================================
Time  2015/11/17 23:08:51 209 
============================================================
[2015/11/17 23:08:51 209] waiter     113  waiter loaded!  
[2015/11/17 23:08:51 209] network    248  update_iplist  
[2015/11/17 23:08:51 209] network    171  gethttpresp3  http://dev.voicecloud.cn:80/ip_list.txt  standard  
[2015/11/17 23:08:51 209] network    153  gethttpresp  http://dev.voicecloud.cn:80/ip_list.txt  
[2015/11/17 23:08:51 209] waiter     189  last gc at  1447830531  
[2015/11/17 23:08:51 209] network    336  chunkedhttp  
[2015/11/17 23:08:51 209] waiter     189  last gc at  1447830531  
============================================================
Time  2015/11/17 23:19:53 806 
============================================================
[2015/11/17 23:19:53 806] waiter     113  waiter loaded!  
[2015/11/17 23:19:53 806] network    248  update_iplist  
[2015/11/17 23:19:53 807] network    171  gethttpresp3  http://dev.voicecloud.cn:80/ip_list.txt  standard  
[2015/11/17 23:19:53 807] network    153  gethttpresp  http://dev.voicecloud.cn:80/ip_list.txt  
[2015/11/17 23:19:53 807] waiter     189  last gc at  1447831193  
[2015/11/17 23:19:53 807] network    336  chunkedhttp  
[2015/11/17 23:19:53 807] waiter     189  last gc at  1447831193  
[2015/11/17 23:19:53 838] network    248  update_iplist  
[2015/11/17 23:19:53 838] network    171  gethttpresp3  http://dev.voicecloud.cn:80/ip_list.txt  standard  
[2015/11/17 23:19:53 838] network    153  gethttpresp  http://dev.voicecloud.cn:80/ip_list.txt  
[2015/11/17 23:19:53 838] waiter     189  last gc at  1447831193  
[2015/11/17 23:19:53 838] network    47   gethttpresp2  nil  1028  
[2015/11/17 23:19:53 839] waiter     189  last gc at  1447831193  
